<?xml version="1.0" encoding="UTF-8"?>
<testng-results total="1" passed="1" failed="0" skipped="0">
  <reporter-output>
  </reporter-output>
  <suite started-at="2021-03-22T04:17:31Z" name="Surefire suite" finished-at="2021-03-22T04:17:31Z" duration-ms="85">
    <groups>
    </groups>
    <test started-at="2021-03-22T04:17:31Z" name="Surefire test" finished-at="2021-03-22T04:17:31Z" duration-ms="85">
      <class name="MyMavenProject.QTProject.AppTest">
        <test-method signature="shouldAnswerWithTrue()[pri:0, instance:shouldAnswerWithTrue(MyMavenProject.QTProject.AppTest)]" started-at="2021-03-22T09:47:31Z" name="shouldAnswerWithTrue" finished-at="2021-03-22T09:47:31Z" duration-ms="3" status="PASS">
          <reporter-output>
          </reporter-output>
        </test-method> <!-- shouldAnswerWithTrue -->
      </class> <!-- MyMavenProject.QTProject.AppTest -->
    </test> <!-- Surefire test -->
  </suite> <!-- Surefire suite -->
</testng-results>
