<?xml version="1.0" encoding="UTF-8"?>
<!-- Generated by org.testng.reporters.JUnitXMLReporter -->
<testsuite ignored="3" hostname="QT-INBG-LT0168" failures="0" tests="3" name="Others" time="64.242" errors="0" timestamp="2021-03-26T10:07:05 IST">
  <testcase classname="Others.KudoToMe" name="@AfterTest close" time="0.001">
    <failure type="java.lang.NullPointerException" message="Cannot invoke &amp;quot;org.openqa.selenium.WebDriver.close()&amp;quot; because &amp;quot;this.driver&amp;quot; is null">
      <![CDATA[java.lang.NullPointerException: Cannot invoke "org.openqa.selenium.WebDriver.close()" because "this.driver" is null
at Others.KudoToMe.close(KudoToMe.java:43)
... Removed 24 stack frames]]>
    </failure>
  </testcase> <!-- @AfterTest close -->
  <testcase classname="Others.KudosFromMe" name="@AfterTest close" time="-1.61673342558E9">
    <skipped/>
  </testcase> <!-- @AfterTest close -->
  <testcase classname="Others.kudosOurSelf" name="@AfterTest close" time="-1.616733425583E9">
    <skipped/>
  </testcase> <!-- @AfterTest close -->
  <testcase classname="Others.KudosFromMe" name="kudosfromMe" time="12.867"/>
  <testcase classname="Others.kudosOurSelf" name="Ourself" time="27.358"/>
  <testcase classname="Others.CountKudos" name="testcase" time="23.847"/>
  <testcase classname="resources.Base" name="@BeforeSuite Bsuite" time="0.0">
    <ignored/>
  </testcase> <!-- @BeforeSuite Bsuite -->
  <testcase classname="resources.Base" name="@BeforeSuite Bsuite" time="0.0">
    <ignored/>
  </testcase> <!-- @BeforeSuite Bsuite -->
  <testcase classname="resources.Base" name="@BeforeSuite Bsuite" time="0.0">
    <ignored/>
  </testcase> <!-- @BeforeSuite Bsuite -->
</testsuite> <!-- Others -->
