<?xml version="1.0" encoding="UTF-8"?>
<!-- Generated by org.testng.reporters.JUnitXMLReporter -->
<testsuite ignored="0" hostname="QT-INBG-LT0168" failures="5" tests="5" name="RecentContact" time="90.71" errors="0" timestamp="2021-03-26T10:09:00 IST">
  <testcase classname="SendRecentContact.RecentContacts" name="@AfterTest close" time="0.001">
    <failure type="java.lang.NullPointerException" message="Cannot invoke &amp;quot;org.openqa.selenium.WebDriver.close()&amp;quot; because &amp;quot;this.driver&amp;quot; is null">
      <![CDATA[java.lang.NullPointerException: Cannot invoke "org.openqa.selenium.WebDriver.close()" because "this.driver" is null
at SendRecentContact.RecentContacts.close(RecentContacts.java:36)
... Removed 24 stack frames]]>
    </failure>
  </testcase> <!-- @AfterTest close -->
  <testcase classname="SendRecentContact.RecentContacts" name="sendrecentcont" time="15.459">
    <failure type="java.lang.NullPointerException" message="Cannot invoke &amp;quot;org.openqa.selenium.WebDriver.findElement(org.openqa.selenium.By)&amp;quot; because &amp;quot;this.driver&amp;quot; is null">
      <![CDATA[java.lang.NullPointerException: Cannot invoke "org.openqa.selenium.WebDriver.findElement(org.openqa.selenium.By)" because "this.driver" is null
at PageObject.ActivityPage.ClickRecentContact(ActivityPage.java:52)
at SendRecentContact.RecentContacts.sendrecentcont(RecentContacts.java:23)
at java.base/java.util.ArrayList.forEach(ArrayList.java:1511)
... Removed 27 stack frames]]>
    </failure>
  </testcase> <!-- sendrecentcont -->
  <testcase classname="SendRecentContact.RecentContacts" name="sendrecentcont" time="18.443">
    <failure type="java.lang.NullPointerException" message="Cannot invoke &amp;quot;org.openqa.selenium.WebDriver.findElement(org.openqa.selenium.By)&amp;quot; because &amp;quot;this.driver&amp;quot; is null">
      <![CDATA[java.lang.NullPointerException: Cannot invoke "org.openqa.selenium.WebDriver.findElement(org.openqa.selenium.By)" because "this.driver" is null
at PageObject.ActivityPage.ClickRecentContact(ActivityPage.java:52)
at SendRecentContact.RecentContacts.sendrecentcont(RecentContacts.java:23)
at java.base/java.util.ArrayList.forEach(ArrayList.java:1511)
... Removed 27 stack frames]]>
    </failure>
  </testcase> <!-- sendrecentcont -->
  <testcase classname="SendRecentContact.RecentContacts" name="sendrecentcont" time="19.735">
    <failure type="java.lang.NullPointerException" message="Cannot invoke &amp;quot;org.openqa.selenium.WebDriver.findElement(org.openqa.selenium.By)&amp;quot; because &amp;quot;this.driver&amp;quot; is null">
      <![CDATA[java.lang.NullPointerException: Cannot invoke "org.openqa.selenium.WebDriver.findElement(org.openqa.selenium.By)" because "this.driver" is null
at PageObject.ActivityPage.ClickRecentContact(ActivityPage.java:52)
at SendRecentContact.RecentContacts.sendrecentcont(RecentContacts.java:23)
at java.base/java.util.ArrayList.forEach(ArrayList.java:1511)
... Removed 27 stack frames]]>
    </failure>
  </testcase> <!-- sendrecentcont -->
  <testcase classname="SendRecentContact.RecentContacts" name="sendrecentcont" time="18.528">
    <failure type="java.lang.NullPointerException" message="Cannot invoke &amp;quot;org.openqa.selenium.WebDriver.findElement(org.openqa.selenium.By)&amp;quot; because &amp;quot;this.driver&amp;quot; is null">
      <![CDATA[java.lang.NullPointerException: Cannot invoke "org.openqa.selenium.WebDriver.findElement(org.openqa.selenium.By)" because "this.driver" is null
at PageObject.ActivityPage.ClickRecentContact(ActivityPage.java:52)
at SendRecentContact.RecentContacts.sendrecentcont(RecentContacts.java:23)
at java.base/java.util.ArrayList.forEach(ArrayList.java:1511)
... Removed 27 stack frames]]>
    </failure>
  </testcase> <!-- sendrecentcont -->
  <testcase classname="SendRecentContact.RecentContacts" name="sendrecentcont" time="18.526">
    <failure type="java.lang.NullPointerException" message="Cannot invoke &amp;quot;org.openqa.selenium.WebDriver.findElement(org.openqa.selenium.By)&amp;quot; because &amp;quot;this.driver&amp;quot; is null">
      <![CDATA[java.lang.NullPointerException: Cannot invoke "org.openqa.selenium.WebDriver.findElement(org.openqa.selenium.By)" because "this.driver" is null
at PageObject.ActivityPage.ClickRecentContact(ActivityPage.java:52)
at SendRecentContact.RecentContacts.sendrecentcont(RecentContacts.java:23)
at java.base/java.util.ArrayList.forEach(ArrayList.java:1511)
... Removed 27 stack frames]]>
    </failure>
  </testcase> <!-- sendrecentcont -->
</testsuite> <!-- RecentContact -->
